<?xml version="1.0" encoding="UTF-8"?>
<!-- Generated by org.testng.reporters.JUnitXMLReporter -->
<testsuite hostname="madhavs-MacBook-Air.local" ignored="4" name="Test" tests="1" failures="0" timestamp="2022-06-03T20:27:58 IST" time="0.049" errors="0">
  <testcase name="A1" time="0.012" classname="TestNG.DependsOnGroups"/>
  <testcase name="A5" time="0.0" classname="TestNG.DependsOnGroups">
    <ignored/>
  </testcase> <!-- A5 -->
  <testcase name="A4" time="0.0" classname="TestNG.DependsOnGroups">
    <ignored/>
  </testcase> <!-- A4 -->
  <testcase name="A3" time="0.0" classname="TestNG.DependsOnGroups">
    <ignored/>
  </testcase> <!-- A3 -->
  <testcase name="A2" time="0.0" classname="TestNG.DependsOnGroups">
    <ignored/>
  </testcase> <!-- A2 -->
</testsuite> <!-- Test -->
